<?xml version="1.0" encoding="UTF-8"?>
<!-- Generated by org.testng.reporters.JUnitReportReporter -->
<testsuite skipped="0" hostname="Lap-945" name="tests.ScrappingDataTest" tests="1" failures="0" timestamp="2020-08-27T16:21:45 EET" time="217.014" errors="0">
  <testcase name="Scrapping" time="217.014" classname="tests.ScrappingDataTest"/>
  <system-out/>
</testsuite> <!-- tests.ScrappingDataTest -->
