<?xml version="1.0" encoding="UTF-8"?>
<!-- Generated by org.testng.reporters.JUnitReportReporter -->
<testsuite skipped="0" hostname="Lap-945" name="tests.ScrappingDataTest" tests="1" failures="0" timestamp="2020-08-26T16:21:17 EET" time="1001.747" errors="0">
  <testcase name="Scrapping" time="1001.747" classname="tests.ScrappingDataTest"/>
  <system-out/>
</testsuite> <!-- tests.ScrappingDataTest -->
