<?xml version="1.0" encoding="UTF-8"?>
<!-- Generated by org.testng.reporters.JUnitReportReporter -->
<testsuite skipped="0" hostname="Lap-945" name="tests.ScrapData_InnerProductTest" tests="1" failures="0" timestamp="2020-08-26T12:15:59 EET" time="729.523" errors="0">
  <testcase name="Test" time="729.523" classname="tests.ScrapData_InnerProductTest"/>
  <system-out/>
</testsuite> <!-- tests.ScrapData_InnerProductTest -->
